<?xml version="1.0" encoding="UTF-8"?>
<testsuite xmlns:xsi="http://www.w3.org/2001/XMLSchema-instance" xsi:noNamespaceSchemaLocation="https://maven.apache.org/surefire/maven-surefire-plugin/xsd/surefire-test-report-3.0.xsd" version="3.0" name="cucumber_options.TestRunner" time="4.429" tests="5" errors="0" skipped="0" failures="0">
  <properties>
[...]
</properties>
  <testcase name="Validate List Users" classname="Validating Reqres User API&apos;s" time="2.136">
    <system-out><![CDATA[
@Smoke @Users @Positive
Scenario: Validate List Users                                              # src/test/java/features/PositiveCasesReqresApi.feature:4
  Given a valid ListUsersAPI request                                       # step_definitions.BlingStepDefinition.a_valid_list_users_api_request(java.lang.String)
..........    single_user_id 1
  When ListUsersAPI request is sent as Get HTTP request                    # step_definitions.BlingStepDefinition.request_is_sent_as_http_request(java.lang.String,java.lang.String)
  Then success response is sent back with status code 200                  # step_definitions.BlingStepDefinition.response_is_sent_back_with_status_code(int)
  And page value in response is "1"                                        # step_definitions.BlingStepDefinition.value_in_response_is(java.lang.String,java.lang.String)
  And per_page value in response is "6"                                    # step_definitions.BlingStepDefinition.value_in_response_is(java.lang.String,java.lang.String)
  And total value in response is "12"                                      # step_definitions.BlingStepDefinition.value_in_response_is(java.lang.String,java.lang.String)
  And total_pages value in response is "2"                                 # step_definitions.BlingStepDefinition.value_in_response_is(java.lang.String,java.lang.String)
  And data[0].email value in response is "george.bluth@reqres.in"          # step_definitions.BlingStepDefinition.value_in_response_is(java.lang.String,java.lang.String)
  And data[0].first_name value in response is "George"                     # step_definitions.BlingStepDefinition.value_in_response_is(java.lang.String,java.lang.String)
  And data[0].last_name value in response is "Bluth"                       # step_definitions.BlingStepDefinition.value_in_response_is(java.lang.String,java.lang.String)
  And length of data[0].avatar value in response must be greater than zero # step_definitions.BlingStepDefinition.length_of_id_value_in_response_must_be_greater_than_zero(java.lang.String)
  And response time must be less than 1000 ms                              # step_definitions.BlingStepDefinition.response_time_must_be_less_than_ms(java.lang.Integer)
]]></system-out>
    <system-err><![CDATA[SLF4J: Failed to load class "org.slf4j.impl.StaticLoggerBinder".
SLF4J: Defaulting to no-operation (NOP) logger implementation
SLF4J: See http://www.slf4j.org/codes.html#StaticLoggerBinder for further details.
]]></system-err>
  </testcase>
  <testcase name="Validate Single User" classname="Validating Reqres User API&apos;s" time="0.202">
    <system-out><![CDATA[
@Smoke @Users @Positive
Scenario: Validate Single User                                           # src/test/java/features/PositiveCasesReqresApi.feature:19
  Given a valid ListUsersAPI request                                     # step_definitions.BlingStepDefinition.a_valid_list_users_api_request(java.lang.String)
..........    single_user_id 1
  When ListUsersAPI request is sent as Get HTTP request                  # step_definitions.BlingStepDefinition.request_is_sent_as_http_request(java.lang.String,java.lang.String)
  Then success response is sent back with status code 200                # step_definitions.BlingStepDefinition.response_is_sent_back_with_status_code(int)
  Given a valid SingleUserAPI request                                    # step_definitions.BlingStepDefinition.a_valid_single_user_api_request(java.lang.String)
  When SingleUserAPI request is sent as Get HTTP request                 # step_definitions.BlingStepDefinition.request_is_sent_as_http_request(java.lang.String,java.lang.String)
  Then success response is sent back with status code 200                # step_definitions.BlingStepDefinition.response_is_sent_back_with_status_code(int)
  And data.email value in response is "george.bluth@reqres.in"           # step_definitions.BlingStepDefinition.value_in_response_is(java.lang.String,java.lang.String)
  And data.first_name value in response is "George"                      # step_definitions.BlingStepDefinition.value_in_response_is(java.lang.String,java.lang.String)
  And data.last_name value in response is "Bluth"                        # step_definitions.BlingStepDefinition.value_in_response_is(java.lang.String,java.lang.String)
  And length of support.url value in response must be greater than zero  # step_definitions.BlingStepDefinition.length_of_id_value_in_response_must_be_greater_than_zero(java.lang.String)
  And length of support.text value in response must be greater than zero # step_definitions.BlingStepDefinition.length_of_id_value_in_response_must_be_greater_than_zero(java.lang.String)
  And response time must be less than 1000 ms                            # step_definitions.BlingStepDefinition.response_time_must_be_less_than_ms(java.lang.Integer)
]]></system-out>
  </testcase>
  <testcase name="Validate CreateUser add new user" classname="Validating Reqres User API&apos;s" time="0.462">
    <system-out><![CDATA[
@Smoke @Users @Positive
Scenario Outline: Validate CreateUser add new user                          # src/test/java/features/PositiveCasesReqresApi.feature:42
  Given a valid CreateUserAPI payload with data "Marc" "Software Developer" # step_definitions.BlingStepDefinition.a_valid_create_user_api_payload_with_data(java.lang.String,java.lang.String)
..........    user_id 619
  When CreateUserAPI request is sent as Post HTTP request                   # step_definitions.BlingStepDefinition.request_is_sent_as_http_request(java.lang.String,java.lang.String)
  Then success response is sent back with status code 201                   # step_definitions.BlingStepDefinition.response_is_sent_back_with_status_code(int)
  And name value in response is "Marc"                                      # step_definitions.BlingStepDefinition.value_in_response_is(java.lang.String,java.lang.String)
  And job value in response is "Software Developer"                         # step_definitions.BlingStepDefinition.value_in_response_is(java.lang.String,java.lang.String)
]]></system-out>
  </testcase>
  <testcase name="Validate PutUser add new user" classname="Validating Reqres User API&apos;s" time="0.499">
    <system-out><![CDATA[
@Smoke @Users @Positive
Scenario Outline: Validate PutUser add new user               # src/test/java/features/PositiveCasesReqresApi.feature:56
  Given a valid CreateUserAPI payload with data "Ali" "QA"    # step_definitions.BlingStepDefinition.a_valid_create_user_api_payload_with_data(java.lang.String,java.lang.String)
..........    user_id 85
  When CreateUserAPI request is sent as Post HTTP request     # step_definitions.BlingStepDefinition.request_is_sent_as_http_request(java.lang.String,java.lang.String)
  Then success response is sent back with status code 201     # step_definitions.BlingStepDefinition.response_is_sent_back_with_status_code(int)
  Given a valid PutUserAPI payload with data "Steve" "Lawyer" # step_definitions.BlingStepDefinition.a_valid_put_user_api_payload_with_data(java.lang.String,java.lang.String)
  When PutUserAPI request is sent as Put HTTP request         # step_definitions.BlingStepDefinition.request_is_sent_as_http_request(java.lang.String,java.lang.String)
  Then success response is sent back with status code 200     # step_definitions.BlingStepDefinition.response_is_sent_back_with_status_code(int)
  And name value in response is "Steve"                       # step_definitions.BlingStepDefinition.value_in_response_is(java.lang.String,java.lang.String)
  And job value in response is "Lawyer"                       # step_definitions.BlingStepDefinition.value_in_response_is(java.lang.String,java.lang.String)
]]></system-out>
  </testcase>
  <testcase name="Validate PatchUser add new user" classname="Validating Reqres User API&apos;s" time="0.408">
    <system-out><![CDATA[
@Smoke @Users @Positive
Scenario Outline: Validate PatchUser add new user                 # src/test/java/features/PositiveCasesReqresApi.feature:70
  Given a valid CreateUserAPI payload with data "Ali" "QA"        # step_definitions.BlingStepDefinition.a_valid_create_user_api_payload_with_data(java.lang.String,java.lang.String)
..........    user_id 352
  When CreateUserAPI request is sent as Post HTTP request         # step_definitions.BlingStepDefinition.request_is_sent_as_http_request(java.lang.String,java.lang.String)
  Then success response is sent back with status code 201         # step_definitions.BlingStepDefinition.response_is_sent_back_with_status_code(int)
  Given a valid PatchUserAPI payload with data "Georgia" "Doctor" # step_definitions.BlingStepDefinition.a_valid_patch_user_api_payload_with_data(java.lang.String,java.lang.String)
  When PatchUserAPI request is sent as Patch HTTP request         # step_definitions.BlingStepDefinition.request_is_sent_as_http_request(java.lang.String,java.lang.String)
  Then success response is sent back with status code 200         # step_definitions.BlingStepDefinition.response_is_sent_back_with_status_code(int)
  And name value in response is "Georgia"                         # step_definitions.BlingStepDefinition.value_in_response_is(java.lang.String,java.lang.String)
  And job value in response is "Doctor"                           # step_definitions.BlingStepDefinition.value_in_response_is(java.lang.String,java.lang.String)
]]></system-out>
  </testcase>
</testsuite>